0.000000000000000000e+00
5.025416964905170536e-01
1.179375436451834513e+00
1.888891076479122910e+00
1.641249817570606728e+00
1.832034365890924166e+00
1.986098611902874511e+00
1.976852844413295340e+00
2.050091075002058449e+00
2.112251810956821796e+00
2.117646480983097046e+00
2.043224359542684443e+00
2.036690402733350780e+00
2.036690402733350780e+00
2.009547888733566712e+00
1.966041674885085078e+00
1.903389829831128255e+00
1.892401979578853144e+00
1.989777738856340461e+00
2.083875395709960276e+00
2.192516896812352289e+00
2.259129080609174611e+00
2.292282600238959134e+00
2.194119411477533976e+00
2.194119411477533976e+00
2.115843122507848673e+00
2.136881073436174283e+00
2.117843262949368643e+00
2.071378897224829707e+00
2.109406604076440317e+00
2.057281423680152432e+00
2.037058509974521758e+00
2.070531499307152856e+00
2.033448555850175143e+00
2.094712717731841867e+00
1.995061522554136380e+00
1.968214894812898352e+00
2.005158292307870571e+00
2.027952975131297908e+00
2.066367070134223383e+00
2.141232333538562571e+00
2.140572320714704269e+00
2.167023761117201630e+00
2.159209596418020460e+00
2.159209596418020460e+00
2.152513180632243284e+00
2.024759478923515488e+00
2.103303633873043754e+00
2.120680648213907116e+00
2.134861527954429405e+00
2.184213566321330013e+00
2.214313360276410236e+00
2.187998937063527105e+00
2.212273934690425659e+00
2.221733818764215496e+00
2.146628396648200265e+00
2.090250460325957516e+00
2.087393072096283664e+00
2.123097137601211326e+00
2.142284891718438278e+00
2.096794186702919838e+00
2.047247969069005524e+00
2.059142195028498268e+00
2.030493088131201773e+00
2.067235394166389906e+00
2.102091540512053935e+00
2.073365776261860915e+00
2.058724778055909699e+00
2.023386299771656738e+00
2.036951830431518395e+00
2.073062261790534766e+00
2.129472800891161643e+00
2.156779009085101784e+00
2.166456705651400139e+00
2.140388714369402923e+00
2.131665158726998133e+00
2.135509988737007703e+00
2.141616960356674149e+00
2.167004542256815380e+00
2.184710952893599512e+00
2.194865797613629432e+00
2.199673090821515409e+00
2.169703532621721553e+00
2.179657852944884677e+00
2.193115698779765754e+00
2.160651248703924665e+00
2.156138519785206320e+00
2.185059163582763642e+00
2.192039507814538268e+00
2.201980465363141182e+00
2.218911092294335141e+00
2.191516762748253910e+00
2.201007246368793524e+00
2.211234438368035349e+00
2.224742864191617819e+00
2.193507667107431836e+00
2.169522265548612161e+00
2.185817440150159996e+00
2.190616140500563525e+00
2.194597504828884382e+00
2.209982031753798815e+00
2.188292497879156695e+00
2.186755890743069308e+00
2.194994490099343665e+00
2.176232162392468084e+00
2.185473147148918827e+00
2.208534808362971003e+00
2.163318094315982876e+00
2.118097747389019236e+00
2.107688634594750088e+00
2.094832124691982767e+00
2.113365555263229112e+00
2.097909021059817025e+00
2.079016602079772014e+00
2.077651393009103398e+00
2.097480303918639155e+00
2.072999710954109620e+00
2.101240498238889920e+00
2.050603223768533212e+00
2.046206999617388167e+00
2.031346929267808132e+00
2.052299416402145749e+00
2.048804384658108546e+00
2.031776253560789502e+00
2.054799192410161623e+00
2.070886566307292842e+00
2.067049320563211889e+00
2.095383726014418801e+00
2.104147074727829470e+00
2.120763654441209844e+00
2.071217510416609731e+00
2.090707465853783198e+00
2.090707465853783198e+00
2.071785310579743467e+00
2.060248856496018188e+00
2.053568249318894257e+00
2.076230593688025650e+00
2.086262698289444995e+00
2.106905904933235707e+00
2.110658188472565033e+00
2.110658188472565033e+00
2.114880411360949619e+00
2.121589992415773285e+00
2.125086099873017886e+00
2.079460745928317422e+00
2.063619994310249783e+00
2.042275091716013513e+00
2.049623319777966746e+00
2.065660597029298273e+00
2.040111770201364028e+00
2.062672438815134512e+00
2.059554707065143653e+00
2.069744002993194609e+00
2.054663050983236428e+00
2.060716252738216792e+00
2.081239484130291029e+00
2.071767905476610938e+00
2.072397204130174586e+00
2.075615418802110757e+00
2.060607785346864063e+00
2.055123936044668920e+00
2.058803521987822904e+00
2.045428766422797473e+00
2.050796704195863018e+00
2.058382754885767163e+00
2.072119476605105870e+00
2.046479033657187419e+00
2.066082828163782192e+00
2.070895767230589879e+00
2.085568938585358190e+00
2.085568938585358190e+00
2.082978993593619155e+00
2.065335284912893421e+00
2.081656553592360570e+00
2.107428317628510239e+00
2.118747098747115309e+00
2.118747098747115309e+00
2.128459823698701125e+00
2.118346832746662578e+00
2.107198987812807456e+00
2.111895069354212229e+00
2.118127899265584535e+00
2.122958536219537784e+00
2.135925842078153281e+00
2.117975903431063234e+00
2.118944911740998194e+00
2.099983138528537907e+00
2.106234600169935689e+00
2.125079421650732048e+00
2.131837546678194695e+00
2.147372235797237572e+00
2.130251070473393238e+00
2.144593613390116005e+00
2.156591006606068728e+00
2.160352900970495149e+00
2.155659477940958357e+00
2.165177482802861153e+00
2.183221924234844291e+00
2.177317645434596383e+00
2.180293976374424680e+00
2.188714692720558741e+00
2.196758259084828691e+00
2.201922816824181783e+00
2.185578738770721952e+00
2.154117386917770993e+00
2.157476747549936569e+00
2.170977238115233021e+00
2.157973125699807149e+00
2.164454356753783060e+00
2.173920930176218569e+00
2.143409945027843211e+00
2.147360132898105345e+00
2.159793505283224668e+00
2.169434851058186897e+00
2.158623826898557585e+00
2.162106228166057242e+00
2.162770065243353468e+00
2.174543265088069166e+00
2.171868779325236698e+00
2.154816899887173065e+00
2.160084183240149169e+00
2.165334104698726225e+00
2.160830871409507470e+00
2.160830871409507470e+00
2.168591723588917830e+00
2.155600467663670194e+00
2.156978987003645098e+00
2.152620663241663124e+00
2.164297310601650093e+00
2.151298636572930079e+00
2.153708501640187567e+00
2.156935776796107707e+00
2.158852315340960004e+00
2.165176671900649996e+00
2.149202428691089573e+00
2.156185686659437994e+00
2.167862974052133129e+00
2.154565554473482081e+00
2.133565513680110826e+00
2.138924867224584414e+00
2.137237524363230445e+00
2.140017244920433104e+00
2.142808449144643745e+00
2.148108056739811200e+00
2.135461441486583123e+00
2.117383202420573429e+00
2.096453658363909955e+00
2.102022923566490231e+00
2.099636256405737811e+00
2.104220073158157067e+00
2.117285058881019033e+00
2.103333829994300963e+00
2.101209934005344948e+00
2.103132765260986137e+00
2.119352783652770800e+00
2.122113526228346814e+00
2.101892506172624575e+00
2.107975848124590268e+00
2.117607132305518558e+00
2.109750029210886613e+00
2.115706864762084916e+00
2.119103027815144813e+00
2.119103027815144813e+00
2.113512253903523153e+00
2.119531681236737963e+00
2.113225085835894301e+00
2.103705237183607579e+00
2.112777374884756476e+00
2.104385072417371827e+00
2.110002819766182203e+00
2.101212454144945507e+00
2.110416226286210506e+00
2.118570458338181250e+00
2.108501653197179859e+00
2.098276479910980985e+00
2.099472934659156742e+00
2.072341157487547214e+00
2.072881216261932114e+00
2.079370096503572629e+00
2.082374838295167674e+00
2.076477490930508374e+00
2.076477490930508374e+00
2.074653038916241421e+00
2.115240922940473389e+00
2.115240922940473389e+00
2.081436364292093888e+00
2.086336798897153511e+00
2.114293139347191985e+00
2.105250332621759757e+00
2.120561275264286394e+00
2.126860259145817000e+00
2.148961954590363987e+00
2.132136717288136918e+00
2.137667140961503787e+00
2.137667140961503787e+00
2.137667140961503787e+00
2.144324557928715347e+00
2.168021788502451752e+00
2.172341258971235867e+00
2.172341258971235867e+00
2.178644836383018202e+00
2.178313393976635925e+00
2.133955321217857026e+00
2.154933219754055163e+00
2.164057028273708827e+00
2.173452610689869058e+00
2.195214759519375836e+00
2.206315753566110871e+00
2.216934934259890966e+00
2.119895019269123715e+00
2.125635102673018473e+00
2.136077722922237410e+00
2.106220591057842206e+00
2.089556056543844687e+00
2.100194689808014825e+00
2.115110903469284320e+00
2.103594840953077583e+00
2.109108210139341466e+00
2.131829953073054895e+00
2.147945340840601514e+00
2.149590953436256946e+00
2.132212810504466649e+00
2.137362356243431627e+00
2.151668744597019067e+00
2.159850668220231196e+00
2.172200945446673526e+00
2.182786143002163115e+00
2.173742569879896447e+00
2.177172417250712755e+00
2.184981664596592044e+00
2.198779081332315588e+00
2.134859430995339924e+00
2.103184562606080554e+00
2.113083426159038769e+00
2.123145233816946753e+00
2.146787294451079298e+00
2.155037979386216662e+00
2.139855297835572490e+00
2.148573482369172449e+00
2.169507135566611566e+00
2.184233017385003084e+00
2.187758704151063327e+00
2.185905480717608818e+00
2.195973409602606896e+00
2.195973409602606896e+00
2.205001605180227475e+00
2.213512494756041615e+00
2.224504478634798499e+00
2.227014832197930172e+00
2.236094114086793816e+00
2.236094114086793816e+00
2.246625213836954682e+00
2.248758940503553294e+00
2.254937631594502445e+00
2.245450886744751795e+00
2.235068358358818230e+00
2.244111885253750938e+00
2.215070824335251043e+00
2.231140810866324209e+00
2.178096987179200195e+00
2.161471612068150083e+00
2.155485807191405812e+00
2.144652831907829071e+00
2.120133050939953634e+00
2.129373697718092373e+00
2.130362563586835734e+00
2.134776647735518562e+00
2.147509521689952017e+00
2.167661708043054247e+00
2.158464856453044423e+00
2.170163667136664198e+00
2.187353397909246322e+00
2.173997593662304606e+00
2.180740251238869831e+00
2.175622403245799141e+00
2.185063655915018277e+00
2.152108092781345849e+00
2.166499364796958371e+00
2.171335211041644619e+00
2.156429551613685547e+00
2.132110617384760154e+00
2.128467392555275062e+00
2.132038795130910103e+00
2.135406374852727218e+00
2.127552914841396525e+00
2.144178112207504316e+00
2.141862879568303235e+00
2.151793830010237052e+00
2.157993823363157482e+00
2.155625739477330161e+00
2.167047373018449186e+00
2.157592161873109760e+00
2.165812832172854474e+00
2.176627412620205870e+00
2.158569804069625064e+00
2.163421865952307233e+00
2.176365263302367570e+00
2.177991098898290456e+00
2.168672242973819220e+00
2.173844760562230416e+00
2.180592163424062147e+00
2.176246133075174338e+00
2.169900063540439294e+00
2.174940047197535531e+00
2.172292411593510053e+00
2.163490825714736054e+00
2.158873711205451684e+00
2.104295069827148090e+00
2.111988977861435135e+00
2.121415247350682431e+00
2.124969448096774016e+00
2.111689716128316796e+00
2.105431227319255250e+00
2.118054191549562315e+00
2.110448824853712768e+00
2.129686722534648968e+00
2.132185265580998745e+00
2.138015593084463539e+00
2.138025579039075641e+00
2.116364002501288866e+00
2.129030383657439796e+00
2.119836608154208601e+00
2.126380469016198482e+00
2.117482872964326912e+00
2.135010273733553010e+00
2.125148848483322972e+00
2.134458121116802332e+00
2.119423476061308431e+00
2.126605469178450836e+00
2.141975886866898104e+00
2.132838109168336160e+00
2.144427177179379473e+00
2.143925585992951355e+00
2.134977183028579972e+00
2.119411353363388706e+00
2.128201235880900377e+00
2.108728825291344311e+00
2.097261935713128800e+00
2.107461787777631379e+00
2.101877165091505795e+00
2.103641251153006042e+00
2.112058389142858150e+00
2.094861660995436470e+00
2.086477109744228287e+00
2.088343145465083150e+00
2.097617501595315126e+00
2.079548423829634896e+00
2.092610778375234126e+00
2.107372232361581332e+00
2.113957122534655841e+00
2.116223279451546535e+00
2.115951023243444862e+00
2.127744382815445423e+00
2.108432531856389680e+00
2.105981729086349841e+00
2.116842163808783539e+00
2.112668333753445538e+00
2.125239105310983589e+00
2.110437280722230469e+00
2.116350751876695302e+00
2.109796427031596533e+00
2.071923822871848397e+00
2.078198650273072712e+00
2.091495942713751610e+00
2.091495942713751610e+00
2.079413103116563466e+00
2.072111090314356474e+00
2.057470878284499705e+00
2.061290892032277888e+00
2.054564309058166671e+00
2.063427657144640825e+00
2.062965916850644454e+00
2.065866829522848835e+00
2.056381481839852921e+00
2.063232828100569627e+00
2.065008215368957956e+00
2.074726134423084734e+00
2.074726134423084734e+00
2.053435842735203298e+00
2.051964612810876609e+00
2.058458282871009182e+00
2.071149952426042162e+00
2.077258521163555027e+00
2.050050059889974019e+00
2.056634950586059496e+00
2.059395687807630271e+00
2.039384006759849655e+00
2.048118452845459014e+00
2.060174767235063875e+00
2.073958769360539023e+00
2.077664835578075131e+00
2.086313150287413709e+00
2.083521988683428638e+00
2.086699799242640818e+00
2.092127534849900883e+00
2.085895240714693344e+00
2.081499079816480524e+00
2.084475413321629667e+00
2.098419903966733724e+00
2.108049319944550692e+00
2.116051727133945182e+00
2.121211582636907789e+00
2.120898233567392044e+00
2.112795467022283713e+00
2.122896060232792870e+00
2.127541472428847946e+00
2.135280881903777850e+00
2.140047155411253677e+00
2.131881918404572307e+00
2.142048253599933005e+00
2.132137616784028467e+00
2.138541250387795412e+00
2.138373685385451584e+00
2.127701876165144501e+00
2.130157951422827267e+00
2.132108833117422719e+00
2.132387876785447389e+00
2.132595676631445780e+00
2.126459012384128044e+00
2.130546263826668341e+00
2.134562439937631506e+00
2.124503327360586002e+00
2.123255641788602599e+00
2.128027880260786819e+00
2.132348054338251142e+00
2.136957184600922321e+00
2.143019177813169307e+00
2.145085741185713601e+00
2.131747288667920071e+00
2.142215190023804894e+00
2.146507768056012289e+00
2.145944004773485236e+00
2.141049930013553038e+00
2.136392978566444167e+00
2.144299584215064947e+00
2.146180315435230135e+00
2.157394974046551894e+00
2.159121619471994880e+00
2.149933523611503361e+00
2.153597034333397886e+00
2.150972752621764794e+00
2.146749729031443898e+00
2.126756176317717628e+00
2.134837703682439525e+00
2.143160519034829292e+00
2.131701996514805408e+00
2.130684111700034133e+00
2.124912258469069837e+00
2.123146254647952258e+00
2.135325861645344325e+00
2.137404023436062506e+00
2.141452002304777835e+00
2.136395773695340505e+00
2.121558016359085919e+00
2.120192995117903045e+00
2.122317297088029076e+00
2.118853585555441565e+00
2.116800777455141169e+00
2.110663637824859773e+00
2.121385003755209109e+00
2.116433525201580679e+00
2.118372620677971163e+00
2.128350635433918558e+00
2.132212558555843795e+00
2.132212558555843795e+00
2.137684252913647498e+00
2.135617351469877079e+00
2.139335461317794174e+00
2.147987307086091757e+00
2.146927874629565469e+00
2.147245367876174260e+00
2.149032462491555329e+00
2.154319510172178820e+00
2.159642745622632809e+00
2.136143479197769590e+00
2.138233083315733474e+00
2.132949745859865409e+00
2.128768553247909256e+00
2.122426197218537869e+00
2.109637213247709475e+00
2.108280323624441177e+00
2.103478858785146954e+00
2.094577951637656810e+00
2.101176425789053503e+00
2.086510510458350343e+00
2.083286275166872148e+00
2.077022127143722585e+00
2.076034605775089581e+00
2.073202448033099721e+00
2.076160448830252747e+00
2.081973176782214718e+00
2.073505303990756943e+00
2.068868596814628535e+00
2.073988326464661913e+00
2.088122108698827972e+00
2.094628089808739269e+00
2.105636263545062281e+00
2.098634487987109942e+00
2.092981157125409553e+00
2.097327634298335131e+00
2.101547547167831542e+00
2.103600804695176407e+00
2.107611495378051814e+00
2.109324149372535651e+00
2.112938069436799182e+00
2.122197767489560682e+00
2.119332006401522417e+00
2.115127557754113319e+00
2.118805062835134478e+00
2.118839449464177349e+00
2.124173897441285597e+00
2.130876210217383715e+00
2.127278112432164914e+00
2.124632339344910470e+00
2.118475573038595794e+00
2.120247371997150410e+00
2.116207358182433218e+00
2.123049836732135986e+00
2.118972113565993798e+00
2.111199817652115396e+00
2.118540780692130365e+00
2.114181106823093348e+00
2.108421620955946096e+00
2.116114193244218455e+00
2.116114193244218455e+00
2.108689181479792119e+00
2.116010571065270351e+00
2.108468912038983678e+00
2.117636037479852629e+00
2.113133609650100109e+00
2.108989020144341531e+00
2.105659987246975007e+00
2.111452271508055034e+00
2.086497831605050202e+00
2.081202408135193416e+00
2.077854190936591294e+00
2.078278220714446789e+00
2.082505061490378839e+00
2.083827308461819072e+00
2.089859396161968252e+00
2.091967441540780293e+00
2.081037806384895550e+00
2.071254694451841516e+00
2.075449317164575813e+00
2.077448723418954479e+00
2.077837602244973603e+00
2.072968878738636889e+00
2.081662718965052061e+00
2.087735619851097457e+00
2.082714359115031222e+00
2.072585381270407368e+00
2.081203576760470852e+00
2.073481035214311596e+00
2.076280639673461881e+00
2.084560769179381712e+00
2.077170337231163177e+00
2.066944361181659140e+00
2.061587254427225346e+00
2.062844800694077829e+00
2.046820935985269152e+00
2.049026811972254780e+00
2.039868155200330158e+00
2.039890832788921582e+00
2.048849527571356077e+00
2.055110185259719113e+00
2.063330803528883539e+00
2.071108741143375287e+00
2.074894063203856831e+00
2.064849616670683119e+00
2.068645446751826711e+00
2.076366303917015266e+00
2.085961438662430556e+00
2.093077233490544309e+00
2.096528175580089748e+00
2.098580276378894993e+00
2.091083526999380382e+00
2.098058616755212658e+00
2.098058616755212658e+00
2.099787655469417036e+00
2.103158356576095400e+00
2.106616422967578561e+00
2.111790529491754054e+00
2.118167872411989006e+00
2.112284968390776729e+00
2.112407824396176803e+00
2.115631462912910710e+00
2.122148832127225049e+00
2.118635257681154904e+00
2.123510100614365737e+00
2.120839139748445401e+00
2.108063201224262162e+00
2.116309990495863769e+00
2.113458100484834290e+00
2.109733240304102697e+00
2.109733240304102697e+00
2.110078019133473592e+00
2.100676312978934313e+00
2.103890395511192946e+00
2.111896039746359310e+00
2.107623198106109985e+00
2.109264723573501144e+00
2.104891210802123158e+00
2.093113880624901668e+00
2.088015813481616245e+00
2.084447873382336613e+00
2.069983632284662534e+00
2.071433316675541203e+00
2.078057044969360501e+00
2.085948437111297515e+00
2.091154501948426336e+00
2.093710169758473683e+00
2.092215294690244143e+00
2.095457402931186763e+00
2.076049355966257171e+00
2.085649066557382358e+00
2.090745424905893213e+00
2.097859598567715089e+00
2.098289393738796083e+00
2.093626350385295432e+00
2.102936775603278186e+00
2.109916734410972161e+00
2.107798306862199489e+00
2.114644746941447107e+00
2.112524896290582710e+00
2.109361073528562169e+00
2.116049278259555244e+00
2.126697338972487472e+00
2.113246162403561446e+00
2.119479004044089177e+00
2.122954220072188480e+00
2.120555791787225086e+00
2.117119692334875403e+00
2.118188612518811187e+00
2.119994428726214242e+00
2.129100528863575814e+00
2.132711953327540932e+00
2.111774390598487816e+00
2.112957656378249727e+00
2.124337183522578609e+00
2.135215530589914312e+00
2.134176425146812495e+00
2.127051501891414897e+00
2.120919338354346539e+00
2.111176892796736038e+00
2.104844698414324533e+00
2.104844698414324533e+00
2.114950296995955714e+00
2.110578900297077176e+00
2.112460396513453187e+00
2.116194035796808315e+00
2.123744182340146835e+00
2.125572457550105820e+00
2.127465347333989065e+00
2.116616475852899359e+00
2.110704345416456462e+00
2.092769130569206215e+00
2.098845723541221897e+00
2.106818891718469366e+00
2.108797809180245508e+00
2.102467272320823977e+00
2.112050572716706043e+00
2.107541066276914066e+00
2.099347436155931668e+00
2.103509885548658698e+00
2.103541910463354370e+00
2.115756059751841001e+00
2.108263929126747094e+00
2.099680549077578284e+00
2.094496784417837265e+00
2.098858816072731504e+00
2.094949900993402281e+00
2.097235527064103433e+00
2.093851503519695623e+00
2.088097524448532027e+00
2.087997589656748865e+00
2.087997589656748865e+00
2.093832997840169519e+00
2.083752477132748027e+00
2.090581354630641986e+00
2.091971038425720852e+00
2.090308260999060419e+00
2.101604794008155697e+00
2.100624846576498950e+00
2.102428365140128097e+00
2.094020200343776228e+00
2.103139678491516840e+00
2.106710112467987894e+00
2.115350218696186335e+00
2.112341265664395173e+00
2.119209021746699229e+00
2.116536641306257849e+00
2.119873470159745033e+00
2.116570986932666987e+00
2.107341593698683457e+00
2.088796186068392569e+00
2.094295790904962207e+00
2.091606340389879470e+00
2.095342565475301289e+00
2.087017745983356320e+00
2.084472272667152293e+00
2.084731229198002467e+00
2.083026579863801686e+00
2.084940349099626111e+00
2.088736904574062692e+00
2.076840384275301599e+00
2.079766231060371062e+00
2.083612855038280642e+00
2.086073879076012272e+00
2.096244868950697615e+00
2.099830845526857726e+00
2.100093972034409617e+00
2.103629205916242917e+00
2.110364082369466487e+00
2.116767101552678554e+00
2.118355376628343389e+00
2.102160488535349536e+00
2.107157810933819597e+00
2.103604514310065454e+00
2.106872169829922647e+00
2.108686843209457429e+00
2.111803962382909461e+00
2.104238293788885272e+00
2.108954038889083726e+00
2.113680890528239598e+00
2.108423253405416808e+00
2.113281518413271165e+00
2.121247786239911282e+00
2.118265809909010589e+00
2.113661807756674005e+00
2.100241509251806971e+00
2.099317942377111113e+00
2.102740859627444170e+00
2.112391258521029602e+00
2.115532145285921040e+00
2.120155084227965947e+00
2.124845528431952069e+00
2.125025470522054594e+00
2.124799088817914683e+00
2.117867260384650674e+00
2.122490012877899623e+00
2.123967056013412513e+00
2.131174224731383848e+00
2.135207422930029519e+00
2.140617770198689929e+00
2.139097836788536267e+00
2.137511521026786543e+00
2.141602677815054534e+00
2.144202595580903647e+00
2.147906210027980212e+00
2.150346102790706926e+00
2.135987103356200567e+00
2.129148531099628538e+00
2.129929245379237557e+00
2.124476451852716608e+00
2.115803061082514702e+00
2.115803061082514702e+00
2.114382657020208445e+00
2.107730267357028175e+00
2.115168586923930949e+00
2.119576771890753442e+00
2.119457496217481030e+00
2.110284564668450269e+00
2.113203327155562139e+00
2.109041139039364854e+00
2.114971395808622923e+00
2.114971395808622923e+00
2.119439544947909315e+00
2.120954760733092748e+00
2.125409666090402716e+00
2.128227607199572269e+00
2.124689790911761911e+00
2.118319966075796756e+00
2.118168484716334454e+00
2.123756470866875912e+00
2.114949544323137420e+00
2.121981772952358902e+00
2.126261702870559045e+00
2.126261702870559045e+00
2.117591130457773474e+00
2.122168406781458572e+00
2.125038351320810648e+00
2.129203548200917506e+00
2.130714319554150027e+00
2.132051245127698280e+00
2.137579840386933938e+00
2.136403973246476351e+00
2.132789344821433897e+00
2.129373520485480675e+00
2.140684613508308853e+00
2.137079728447362381e+00
2.133544937769173089e+00
2.134928186736043454e+00
2.134928186736043454e+00
2.140470029317034673e+00
2.144587697978693530e+00
2.140753344832230010e+00
2.144687518639109669e+00
2.149639907864848265e+00
2.156971919983864172e+00
2.159497694207212160e+00
2.161888775036423738e+00
2.164451221774725376e+00
2.162570142190226363e+00
2.163278920134833250e+00
2.164307075513396850e+00
2.161269306032866933e+00
2.165127701953138306e+00
2.167504399453120012e+00
2.161331405573692965e+00
2.164777682383524304e+00
2.164980667847288931e+00
2.164980667847288931e+00
2.167087626566378766e+00
2.169666421212259166e+00
2.170916674603799112e+00
2.173404677499133353e+00
2.171291682990729388e+00
2.178415800653877188e+00
2.176969295437018559e+00
2.159464782749306977e+00
2.152880734668417340e+00
2.157660235419094796e+00
2.158777880558846896e+00
2.154749324978869396e+00
2.159760516471015190e+00
2.155663398809078757e+00
2.159287670802349624e+00
2.165480925139482871e+00
2.166577318305565658e+00
2.168755253483655387e+00
2.164527744409420862e+00
2.168323332845888185e+00
2.169365466796211894e+00
2.170142259514525218e+00
2.152239462766186495e+00
2.157227603419375583e+00
2.162931935871629019e+00
2.153974150379785346e+00
2.155101891152609195e+00
2.155101891152609195e+00
2.156443061382697923e+00
2.157556514771564515e+00
2.158673250496065954e+00
2.148585576344646864e+00
2.149400737355912305e+00
2.151625791171548396e+00
2.153868849056046475e+00
2.153868849056046475e+00
2.147302856132119242e+00
2.147302856132119242e+00
2.147386720651350167e+00
2.152052705353440398e+00
2.142036684965250792e+00
2.139769863306821840e+00
2.140719459750136000e+00
2.134492288181437658e+00
2.135770412020643771e+00
2.131411054062658295e+00
2.132627988984532763e+00
2.134029284686617345e+00
2.131232146689706841e+00
2.138919491680603802e+00
2.146573095954510624e+00
2.145922382653036031e+00
2.153247518436623320e+00
2.158530805398677366e+00
2.155741578635982147e+00
2.162684591774780785e+00
2.169413153916918358e+00
2.172789167536463228e+00
2.175846123304269408e+00
2.180510457815855840e+00
2.175349395339623904e+00
2.169290770406323343e+00
2.146624801166918228e+00
2.148465803348788672e+00
2.158871709721234211e+00
2.143688350863571568e+00
2.135577024308417560e+00
2.139157248237478548e+00
2.140967918697100458e+00
2.142658500663172205e+00
2.144446595131902722e+00
2.146053973441701235e+00
2.150942093851547110e+00
2.159199100862417176e+00
2.154532959175442297e+00
2.159363053630884099e+00
2.162514020402190429e+00
2.164109889644381557e+00
2.164109889644381557e+00
2.172080257956448435e+00
2.153966976536801692e+00
2.145458226265686275e+00
2.141695383770505501e+00
2.128236102155894649e+00
2.128236102155894649e+00
2.131754325388930393e+00
2.136399821311636860e+00
2.133660607640881057e+00
