0.000000000000000000e+00
6.930752845699681419e-01
1.107258786969563813e+00
1.236765625139968572e+00
1.045262729331343676e+00
1.380584060014987680e+00
1.207996233779562667e+00
1.091417744894296771e+00
1.286911198570994674e+00
1.215849781996265033e+00
1.158166883592616214e+00
1.025538977157599341e+00
1.171155485865306822e+00
1.090727819730607839e+00
1.150022564103472034e+00
1.157424097859377943e+00
1.139795528076087416e+00
1.253966503309134728e+00
1.298089026222457143e+00
1.296907966454541539e+00
1.181525595074784496e+00
1.133939385068065908e+00
1.070858896850608311e+00
1.111682767979461861e+00
1.158796605786636347e+00
1.272845927662628496e+00
1.268808149588491752e+00
1.281793189657460585e+00
1.305617613669810551e+00
1.326283215234029589e+00
1.356945948537868762e+00
1.314365094019896540e+00
1.285892727376683364e+00
1.221363167042437192e+00
1.244082451377002130e+00
1.222726981898803134e+00
1.184059749648881610e+00
1.213513011558236210e+00
1.214342451780598964e+00
1.166132517364438126e+00
1.130201463330988920e+00
1.219929287551363650e+00
1.217645724472370405e+00
1.232366907689611990e+00
1.258480308595881780e+00
1.258554574005444016e+00
1.223621556520717801e+00
1.144004173110853673e+00
1.182967581848536787e+00
1.157228121341863369e+00
1.127204430475880814e+00
1.154308218574968459e+00
1.197602584843846518e+00
1.167094366420329932e+00
1.219248344157943587e+00
1.264575291890625675e+00
1.241511730750173070e+00
1.257200715729032581e+00
1.272039208926905252e+00
1.261512530676313304e+00
1.218706289683710864e+00
1.215756717505288576e+00
1.193730087671727169e+00
1.145632419978425354e+00
1.140734071521780413e+00
1.163301956146475247e+00
1.138483717388444338e+00
1.150178829919772827e+00
1.134621673198412006e+00
1.144163321153252699e+00
1.149940037516770319e+00
1.172867483439160363e+00
1.156291580786639628e+00
1.177093373166642643e+00
1.185736341732031462e+00
1.204828098736343334e+00
1.208645328483711756e+00
1.256917823902138354e+00
1.248118459592595819e+00
1.232649696008821349e+00
1.228306881833211905e+00
1.217729390338586404e+00
1.180064831059023822e+00
1.178164710486320210e+00
1.170150138000855433e+00
1.177118685947097898e+00
1.171984082668260818e+00
1.184968020732778404e+00
1.220275159019757361e+00
1.233913812333881088e+00
1.267617664624002938e+00
1.270824955499511910e+00
1.284762995855472267e+00
1.246180238495983028e+00
1.254432626612084656e+00
1.262827046323933278e+00
1.246090529639697575e+00
1.227494998992896047e+00
1.221872285962367854e+00
1.226852898493727029e+00
1.221963103070268453e+00
1.207013462662506642e+00
1.216385800165926456e+00
1.210897638276058563e+00
1.159149311581151531e+00
1.160720675974962646e+00
1.149271792247777313e+00
1.151200558876440239e+00
1.187427478341902543e+00
1.196988620827778460e+00
1.196852965474841213e+00
1.201470518277495403e+00
1.199821499718628282e+00
1.208373166886673067e+00
1.203544008686576072e+00
1.185848450363883977e+00
1.187699899131227532e+00
1.198094475398687075e+00
1.204650481922285854e+00
1.174687858940353991e+00
1.193971501269904145e+00
1.196847726018878344e+00
1.185654424277931440e+00
1.185417261125242705e+00
1.166710356463844134e+00
1.166290623705052099e+00
1.164266289573036239e+00
1.130551888168849439e+00
1.127477093832088606e+00
1.128489928455144842e+00
1.154478161180894524e+00
1.130096709659533571e+00
1.102982839391704273e+00
1.133148903694016996e+00
1.126361014393685078e+00
1.092379734247776568e+00
1.109741691570392597e+00
1.139953275081440065e+00
1.133196580162934453e+00
1.118249121928101886e+00
1.108918432241698726e+00
1.131322190200863442e+00
1.140619080596025459e+00
1.152952344151269015e+00
1.161047329566698538e+00
1.161578660878727076e+00
1.173498887241744448e+00
1.189597745887992941e+00
1.183422601680869324e+00
1.194272619088773135e+00
1.198515583825672914e+00
1.195536338151875322e+00
1.194401122972834406e+00
1.185200911377860766e+00
1.179361479197513551e+00
1.165277853020175503e+00
1.168384252433952053e+00
1.167128728794612380e+00
1.165234809707565322e+00
1.156398304722805248e+00
1.170594648542329974e+00
1.189483164356073486e+00
1.186911262064589412e+00
1.190614423198994576e+00
1.165754344099186879e+00
1.167306654883861983e+00
1.177996463536986171e+00
1.195819844990388292e+00
1.162995002860100158e+00
1.150839976690039679e+00
1.147955925514591469e+00
1.157090449317834002e+00
1.162924932437389147e+00
1.152195958144441423e+00
1.160409423016521169e+00
1.129782214112001082e+00
1.135338911351351898e+00
1.142507878158412371e+00
1.148616443910337237e+00
1.169917422108814220e+00
1.180785255027039682e+00
1.163849867793141257e+00
1.176492649315301398e+00
1.155763112866794895e+00
1.166136698466024857e+00
1.186947553226627372e+00
1.171554815672545491e+00
1.178667450482868029e+00
1.175309471036484421e+00
1.179807851697628474e+00
1.178236166785951111e+00
1.189836707097514656e+00
1.186248192335980223e+00
1.193806780506415199e+00
1.194199520557272853e+00
1.204451077344464105e+00
1.200861380733468264e+00
1.202196079191316436e+00
1.206363740932668849e+00
1.216278172522048839e+00
1.200653991326307013e+00
1.192750207403094898e+00
1.172096091903554349e+00
1.169193634825969053e+00
1.167483397938278156e+00
1.165216639253215947e+00
1.166653114863279495e+00
1.180679450891505500e+00
1.176114803754809257e+00
1.169854550180182029e+00
1.174086971127393353e+00
1.176185262337057891e+00
1.181516894211616320e+00
1.164734583577027305e+00
1.176477052388031241e+00
1.181390827008150568e+00
1.204275631321747975e+00
1.197088173002352152e+00
1.185921004825898795e+00
1.217301468293125133e+00
1.226269256576633992e+00
1.234864801187254280e+00
1.214815868192142156e+00
1.219768820102898443e+00
1.221991832423197977e+00
1.227776155438316641e+00
1.239612890500493947e+00
1.228841306213707574e+00
1.217163470552578453e+00
1.193416441833340835e+00
1.205522739863170045e+00
1.190187893354379911e+00
1.191769493479258646e+00
1.190376409389653833e+00
1.203840785069590025e+00
1.217112193488781635e+00
1.209534905460746490e+00
1.202686106083878048e+00
1.151022146646381028e+00
1.140585689791321133e+00
1.141480282846185634e+00
1.144984993596697365e+00
1.162708964376417464e+00
1.175061343130018976e+00
1.178621799413357429e+00
1.192656625080775079e+00
1.203321453121632301e+00
1.212146824829270164e+00
1.217356608895857173e+00
1.224567441578204852e+00
1.223545670441877009e+00
1.215754781729528888e+00
1.209089379147954668e+00
1.193524891222172979e+00
1.173452953679591904e+00
1.175850041141504043e+00
1.157302866271614938e+00
1.135580436048947872e+00
1.142127195124905237e+00
1.145438472942765573e+00
1.145683508108735982e+00
1.148809079234930808e+00
1.177928516249168167e+00
1.163281199976034186e+00
1.147789493541484518e+00
1.140824888192636388e+00
1.138181598679629092e+00
1.135180277543460514e+00
1.134453797452775525e+00
1.158421507478653245e+00
1.158385017065092448e+00
1.176404219062473056e+00
1.168688118129165288e+00
1.156680549043766382e+00
1.151836546194666910e+00
1.158969394567838762e+00
1.150366105190026467e+00
1.155917774403712572e+00
1.156285193927276023e+00
1.161906166676742069e+00
1.164552189416797390e+00
1.160594994127214452e+00
1.165354040243723910e+00
1.168502794665450484e+00
1.159922542823838665e+00
1.161761036845383677e+00
1.157835181107380595e+00
1.169239707132589068e+00
1.158376419410952929e+00
1.155803107893142334e+00
1.174671006399937490e+00
1.176895040837036666e+00
1.158485235863504714e+00
1.164105216510921803e+00
1.160643407474180044e+00
1.171362428316003124e+00
1.174158427719214748e+00
1.167946558641022925e+00
1.173367989642165155e+00
1.184334047303947646e+00
1.196849719247192523e+00
1.181321529948079707e+00
1.173078296940988752e+00
1.155808205264948096e+00
1.162040028450227469e+00
1.150881909836832362e+00
1.153956036448561262e+00
1.140697934416863513e+00
1.145348669139816256e+00
1.152223509411402835e+00
1.151975796088451354e+00
1.173059577683547294e+00
1.176668627353234298e+00
1.176815632825797930e+00
1.182103980272917854e+00
1.189249364455831737e+00
1.190664794753489408e+00
1.176104254787724956e+00
1.175045928098397807e+00
1.171036281925644129e+00
1.189462584487355867e+00
1.195001433363352739e+00
1.203615195982855601e+00
1.202673243585995921e+00
1.194023652959933290e+00
1.183141095982714219e+00
1.185594126017208261e+00
1.185463459279489706e+00
1.192984842143159252e+00
1.186847526682075715e+00
1.185633808958513002e+00
1.187313932948168116e+00
1.197984878819111643e+00
1.187738584822393806e+00
1.193079730331815025e+00
1.183776933422394650e+00
1.176722535470701381e+00
1.179537574478949802e+00
1.181118008717959578e+00
1.185645084263948101e+00
1.190609902571228673e+00
1.183612623291035559e+00
1.184151804095919136e+00
1.169700655888858964e+00
1.171194969016011278e+00
1.168322718771989566e+00
1.179906092636653359e+00
1.171674831295589359e+00
1.187553422853168561e+00
1.194238789099528741e+00
1.174702810770867467e+00
1.187906494343590857e+00
1.185093431958455845e+00
1.186615177234823237e+00
1.177789268336723261e+00
1.155220648937629102e+00
1.150179847990004500e+00
1.149707788363342420e+00
1.168552828366771434e+00
1.163326066932935055e+00
1.164549501285844002e+00
1.163226345323272959e+00
1.176979460671560451e+00
1.189655988836561873e+00
1.194165842532139310e+00
1.187675821171514157e+00
1.170542920615368576e+00
1.175178390969580100e+00
1.175813453526430630e+00
1.173558021540280105e+00
1.184011102058652787e+00
1.195340916878721238e+00
1.197735405296427524e+00
1.203872047481231666e+00
1.196435651333290773e+00
1.196940309262991775e+00
1.197862741588036073e+00
1.200691016255047039e+00
1.202215202984997511e+00
1.208299739592956223e+00
1.212376138927542923e+00
1.202299702919332525e+00
1.202446114964236035e+00
1.200799950316542741e+00
1.194365612105864338e+00
1.189069087122308410e+00
1.191473014243309425e+00
1.180951206440868484e+00
1.176580704644842434e+00
1.185797315218570569e+00
1.184679329015587701e+00
1.175368539791413980e+00
1.167462278374538975e+00
1.178072851470461035e+00
1.178996110841782130e+00
1.170932265879166101e+00
1.169215854447964720e+00
1.163831433481890887e+00
1.163351274030571147e+00
1.159660932036533865e+00
1.149124993681120532e+00
1.144415894930737476e+00
1.151248818136727747e+00
1.150214413014932768e+00
1.157731279006199543e+00
1.164909286781787845e+00
1.170631286413680083e+00
1.179849355220726537e+00
1.191568987231002907e+00
1.196688100275557165e+00
1.193132753031075799e+00
1.193983708897784268e+00
1.196164262917926324e+00
1.198513954928833947e+00
1.193720636406053526e+00
1.189995225790486444e+00
1.187996758227810368e+00
1.188784363218847728e+00
1.185348799182243562e+00
1.183336595394321789e+00
1.186314856565337417e+00
1.193708938065329850e+00
1.196021540956970108e+00
1.187338782548201799e+00
1.185511272890508172e+00
1.189905164527368386e+00
1.191090221700571661e+00
1.198146456355756673e+00
1.209152469692293952e+00
1.211756166637907306e+00
1.209266688425351788e+00
1.213103112117730920e+00
1.201185549475094039e+00
1.202774495535446242e+00
1.194730375917518517e+00
1.182728642207555803e+00
1.178712455349012034e+00
1.175620161540560371e+00
1.172339623704125922e+00
1.165958445814576194e+00
1.160679486355457923e+00
1.172100967763629153e+00
1.164955129330424555e+00
1.167480438675681631e+00
1.171535110037218441e+00
1.168283376033453225e+00
1.170272824578705517e+00
1.178101258221515790e+00
1.181851459522967218e+00
1.180841284938853653e+00
1.173874078766249607e+00
1.179961844413038197e+00
1.181341367865906822e+00
1.183981998270189129e+00
1.183850996663215138e+00
1.179982110887723312e+00
1.185591069046049384e+00
1.183946420763110075e+00
1.177046953918419403e+00
1.177944416945950756e+00
1.181167458929555769e+00
1.202179742769812654e+00
1.193800641580193389e+00
1.206366388357479336e+00
1.214256201581179750e+00
1.190863554038973149e+00
1.205138793388140339e+00
1.205880677486504959e+00
1.204097640336228237e+00
1.194589620868413693e+00
1.196671007907093687e+00
1.202939438937177696e+00
1.203309105374073207e+00
1.206312609280268511e+00
1.211363635853168752e+00
1.211927161631534577e+00
1.193744724122756118e+00
1.188879516816693016e+00
1.192186739393497730e+00
1.198048671079775973e+00
1.202940689154497811e+00
1.204434188784724080e+00
1.214002984044739497e+00
1.189141163647500221e+00
1.190540294144365463e+00
1.188098592196862979e+00
1.184098327260064032e+00
1.189400047538546445e+00
1.191069043982097897e+00
1.190955229231160706e+00
1.185852331589913211e+00
1.197394857317003014e+00
1.197234743057646433e+00
1.190691576500626514e+00
1.191538330998084927e+00
1.180855817793103224e+00
1.183426239280128245e+00
1.191601781472909849e+00
1.195500408157907479e+00
1.201879473820886668e+00
1.202803550568583901e+00
1.196892438102270084e+00
1.200099243277108929e+00
1.205158204158686130e+00
1.204746352506802509e+00
1.210375354260118108e+00
1.205993458994804923e+00
1.192146186376170647e+00
1.190164981421657053e+00
1.181390534023381012e+00
1.183390035529455542e+00
1.187207410729529400e+00
1.192150660146053864e+00
1.191453928995353184e+00
1.194589131334661269e+00
1.187346462809084180e+00
1.176151482286580396e+00
1.172653946731184726e+00
1.169756316521282757e+00
1.175672473626423908e+00
1.187552535588001446e+00
1.176186432148208283e+00
1.186335273770730003e+00
1.179712189233762976e+00
1.189772530836873399e+00
1.212409422850636131e+00
1.213138849228180050e+00
1.202112356516865210e+00
1.210104577132748549e+00
1.211482106571300399e+00
1.195408678265740487e+00
1.196915117760531944e+00
1.192211015231282145e+00
1.181939519859491750e+00
1.170459401169022806e+00
1.177087664781979903e+00
1.186890592927669852e+00
1.188493192839067403e+00
1.195222209150555326e+00
1.195499690016053052e+00
1.194845956302519552e+00
1.201747980984253505e+00
1.196009559980984349e+00
1.189205379824626929e+00
1.192704970572637357e+00
1.181786359141429488e+00
1.184352968932420369e+00
1.192133642804604765e+00
1.189366095363618037e+00
1.185465056721838106e+00
1.184794426043526361e+00
1.184221563867865257e+00
1.173144776629947872e+00
1.173783662482257739e+00
1.180986719165759924e+00
1.176043346559942027e+00
1.189297928488113554e+00
1.188908373924163930e+00
1.181063547837703398e+00
1.178406042051707070e+00
1.177840685476223337e+00
1.185130187143845992e+00
1.187811151007183597e+00
1.194937173236718886e+00
1.190893009108713763e+00
1.179131656500755465e+00
1.186156725323872951e+00
1.187853368727507464e+00
1.199340571544057488e+00
1.193982853880627415e+00
1.191873798625178837e+00
1.201603720023873834e+00
1.192750665286149037e+00
1.199662111459452785e+00
1.206774793439998161e+00
1.212393043413742211e+00
1.209886269048961349e+00
1.204902417256686453e+00
1.196724258221924631e+00
1.201735143901318859e+00
1.202351526031989026e+00
1.205793909264390784e+00
1.207922698280237572e+00
1.207922698280237572e+00
1.212877042776297376e+00
1.190261638268854227e+00
1.190790352041810607e+00
1.195308443832253431e+00
1.189023273566382821e+00
1.186060598389208742e+00
1.181572568006575619e+00
1.185831251250484275e+00
1.208904908020568048e+00
1.204217873462514854e+00
1.199724115798224799e+00
1.209122077538277384e+00
1.215434423799528485e+00
1.220491712221110525e+00
1.219404779545304018e+00
1.225665771612249655e+00
1.189967497965726206e+00
1.199597174667974109e+00
1.200321574531038937e+00
1.202378383396119688e+00
1.196692641899500309e+00
1.205593895165796958e+00
1.210342895988592904e+00
1.217824921976787600e+00
1.216033532591220157e+00
1.210926422217918574e+00
1.219967683797014368e+00
1.216546273638186682e+00
1.212669088404818796e+00
1.213702553660209515e+00
1.214550530229589587e+00
1.218802626919672782e+00
1.216126545612949750e+00
1.219049593475264759e+00
1.208764596966702687e+00
1.216500089060993606e+00
1.216721226007385859e+00
1.218039391100459445e+00
1.213089968114810402e+00
1.218519133302132351e+00
1.217087578597352282e+00
1.210585978937321672e+00
1.221269431585260135e+00
1.213509531924209517e+00
1.222355668461000411e+00
1.211921014101535965e+00
1.216989277307545692e+00
1.218719846495315506e+00
1.214412513512042047e+00
1.211958749225834797e+00
1.205020651151537558e+00
1.214542667935731624e+00
1.217811048847695199e+00
1.223581038343952709e+00
1.222242022495743763e+00
1.223558496942672713e+00
1.233999716899926380e+00
1.232809474464597210e+00
1.231340134134683018e+00
1.239897168362472657e+00
1.245340743170689102e+00
1.230685888008940632e+00
1.225102847525306959e+00
1.222426641188525620e+00
1.220175562369490541e+00
1.213913902531594591e+00
1.205242491911334257e+00
1.212125110042788334e+00
1.210451227629938842e+00
1.219767608132708014e+00
1.219862160187691114e+00
1.216949050221379780e+00
1.220288412332849681e+00
1.219933898874191902e+00
1.218305993206801663e+00
1.211685657132840710e+00
1.215479669467460333e+00
1.217570873125680464e+00
1.213753119682965620e+00
1.208406587556521972e+00
1.217161071672733685e+00
1.212592240878495931e+00
1.208041297408219084e+00
1.203480719797585197e+00
1.200625063045205110e+00
1.191735953760972189e+00
1.195243817754312099e+00
1.197655149563854771e+00
1.194564377838232438e+00
1.199827582566238116e+00
1.202992887236764563e+00
1.191108727212963680e+00
1.177417735291931722e+00
1.173145051244793846e+00
1.176612094599686520e+00
1.179253911492574192e+00
1.187546543859367532e+00
1.176782034258322618e+00
1.171156179355924642e+00
1.169925382371381994e+00
1.164855028372701051e+00
1.162534131238065482e+00
1.167082858047127747e+00
1.177744463222181404e+00
1.175838226464269276e+00
1.179463948370700122e+00
1.185564081649734147e+00
1.193420479650948440e+00
1.192020934995094761e+00
1.192472475208435023e+00
1.187692402990734086e+00
1.184229841806527128e+00
1.180646086602083145e+00
1.177910172260913324e+00
1.187173224803799165e+00
1.186810836660399548e+00
1.189509166937172235e+00
1.186084419437738235e+00
1.186169129210420170e+00
1.195146790537162218e+00
1.202667238847467512e+00
1.198583549322327135e+00
1.201469910086873760e+00
1.205847673571111223e+00
1.207665763084422750e+00
1.210361896061310727e+00
1.214512733253834131e+00
1.214743407294841981e+00
1.209284019116036557e+00
1.205471545015871282e+00
1.204975261169570544e+00
1.199558759229384597e+00
1.201616001710107184e+00
1.192646888922146431e+00
1.194847454846759138e+00
1.189243376859486334e+00
1.198125983786257009e+00
1.195574016799110240e+00
1.195682104270167745e+00
1.199889707469634414e+00
1.205844689254800262e+00
1.209730390506104092e+00
1.210415639355138184e+00
1.216352383924256486e+00
1.215227856303945586e+00
1.215506579598136128e+00
1.223633006035502735e+00
1.220152425929902362e+00
1.213475142695568998e+00
1.216974828703215827e+00
1.216744803700400723e+00
1.219421085293614926e+00
1.224895851909862943e+00
1.227066630720918594e+00
1.226767856968249859e+00
1.229412077770521305e+00
1.222180543087892479e+00
1.224594510149091375e+00
1.223854018184060921e+00
1.227034641247297664e+00
1.234009662940123819e+00
1.238916359545696233e+00
1.238598563245934647e+00
1.238267578762641596e+00
1.240759978747490999e+00
1.240523480530360212e+00
1.244165993122437142e+00
1.241345244219964616e+00
1.250062036233950069e+00
1.252785213878127468e+00
1.262223168423297182e+00
1.258673685884645899e+00
1.275070902690091934e+00
1.270322179760649872e+00
1.267767375355979498e+00
1.258844573664303690e+00
1.265203393545588417e+00
1.271315362466226784e+00
1.282032581116841818e+00
1.284419720718489311e+00
1.288857178639581935e+00
1.282908820469946809e+00
1.286948413318496298e+00
1.281831264265845594e+00
1.281934086608246703e+00
1.288299896578455783e+00
1.285722288339267383e+00
1.286377631345865025e+00
1.288425865250567792e+00
1.277245268927629240e+00
1.262806021040176807e+00
1.264465981166101205e+00
1.261385191236973125e+00
1.260601564082770798e+00
1.253253334446232437e+00
1.255917784981519958e+00
1.249675192625262721e+00
1.248666404138884634e+00
1.252258543738033358e+00
1.255759652892706857e+00
1.261593142651817212e+00
1.264868207977921655e+00
1.252036436246959150e+00
1.252857250056537364e+00
1.253957756381548716e+00
1.253054876068947499e+00
1.244481811040328179e+00
1.247202345821323499e+00
1.250088219218903118e+00
1.247079950716688090e+00
1.246260512644679741e+00
1.241384205822104736e+00
1.238316284164444836e+00
1.239039966118850034e+00
1.235529362572711953e+00
1.238910949930538852e+00
1.241008403556507211e+00
1.240318572139762265e+00
1.239487420083180247e+00
1.240596005459815743e+00
1.237512488215626316e+00
1.235439200553273942e+00
1.243301922852795949e+00
1.235702009235840171e+00
1.225830069390780208e+00
1.229413651520412820e+00
1.227315661919546885e+00
1.223557207220623555e+00
1.228117872531120147e+00
1.230673327186746935e+00
1.228649678173018067e+00
1.230984919856462634e+00
1.232777166909317712e+00
1.230434902620458848e+00
1.229213738047424620e+00
1.232959700606435227e+00
1.231693838506381589e+00
1.232877602520786375e+00
1.240407532956671499e+00
1.248241404893605910e+00
1.245794662450114165e+00
1.247897759218911551e+00
1.249508920425679737e+00
1.252963076490518413e+00
1.254376425735618028e+00
1.250484636894279022e+00
1.243906329735343430e+00
1.247223368776503083e+00
1.240518496184169539e+00
1.238913263555601496e+00
1.234211821776765916e+00
1.234530414149583644e+00
1.237025976683388429e+00
1.234765306481513614e+00
1.231361353916534451e+00
1.232703896372665087e+00
1.225193819056830113e+00
1.234358531520465263e+00
1.237314774146371921e+00
1.236859090279915030e+00
1.238416911476307725e+00
1.243587366517601600e+00
1.246011751177007909e+00
1.240571582399961459e+00
1.241277226606647188e+00
1.246142377375857757e+00
1.238930513758522478e+00
1.235482177377524637e+00
1.238360465389456433e+00
1.241123960454539432e+00
1.236567331877543197e+00
1.231364163506511344e+00
1.231945589558689935e+00
1.232158855380341755e+00
1.232729593249666467e+00
1.239683953955308837e+00
1.231706135641442934e+00
1.238232931593422848e+00
1.244028055637090624e+00
1.239481549636710200e+00
1.233967955523264992e+00
1.240035383352255272e+00
1.245270245465869063e+00
1.245198276771089407e+00
1.251718842269373466e+00
1.246731228710034278e+00
1.248778949374563796e+00
1.239651163922083521e+00
1.235647853385592576e+00
1.235832560147275716e+00
1.236280090578895763e+00
1.233229718705398659e+00
1.237593849294321480e+00
1.242164208101586231e+00
1.244452500233101944e+00
1.243715658790487399e+00
1.233960377351321469e+00
1.233373873979880742e+00
1.231583140595757131e+00
1.227762554093491554e+00
1.224086563328000921e+00
1.229582758738511528e+00
1.227328159199683189e+00
1.228660481312183084e+00
1.233541486186977343e+00
1.230519824933442585e+00
1.224173959051659821e+00
1.228347759581818410e+00
1.218914479178232479e+00
1.220652112150882873e+00
1.213213304895955913e+00
1.218089884374460308e+00
1.215977712832726931e+00
1.216442494875867864e+00
1.213218232497442317e+00
1.213608929554297777e+00
1.213381501196210355e+00
1.207155978621593739e+00
1.201430836151730963e+00
1.207248013956752297e+00
1.210062820858054833e+00
1.210746954769416517e+00
1.214785271778544340e+00
1.209120300398885073e+00
1.205474502632186917e+00
1.202992930345136546e+00
1.197198761799115552e+00
1.188522395747676930e+00
1.188148934543578727e+00
1.196308170070462307e+00
1.194827283495458081e+00
1.198564246427769042e+00
1.192704053472416481e+00
1.200439193210489419e+00
1.195123125535179964e+00
1.191677723619194662e+00
1.194538923130187502e+00
1.198495083731023758e+00
1.197781385410904065e+00
1.201605615801911053e+00
1.207788112233340927e+00
1.205833195580093831e+00
1.189177861719026952e+00
1.192621775660249295e+00
1.190455779980535755e+00
1.193854072982087455e+00
1.189355994404308170e+00
1.193459262106618457e+00
1.197669334024514809e+00
1.197715388720368423e+00
1.200999937119835659e+00
1.200814923727993033e+00
1.203676892828239087e+00
1.201060858520039298e+00
1.197275168266055401e+00
1.200718865190278484e+00
1.207284543281042621e+00
1.208978412981910777e+00
1.202802066562511873e+00
1.200400983172100977e+00
1.200912972326677597e+00
1.205322838191529522e+00
1.211301896809767520e+00
1.213621186482392922e+00
1.213439434333218880e+00
1.217651636192221387e+00
1.222899748960125654e+00
1.220246194185100608e+00
1.215827458244262971e+00
1.215804755288880878e+00
1.217275729563074949e+00
1.210551696501857677e+00
1.206507294481941717e+00
1.200347348336039177e+00
1.195158834743303533e+00
1.189056135788273183e+00
1.189035396370324404e+00
1.190319694591814192e+00
1.195691779311780945e+00
1.189262183641969228e+00
1.187425602889093934e+00
1.193422408099011012e+00
1.195261287171637488e+00
1.192512994505438684e+00
1.190046865008222987e+00
1.187393642432711394e+00
1.197407659716864803e+00
1.199646073909415467e+00
1.200814983365008803e+00
1.203974230746055252e+00
1.206714050437614372e+00
1.209930437189546293e+00
1.207378045189325455e+00
1.205224592250495830e+00
1.207013238781332820e+00
1.201980902721422995e+00
1.204877963381916217e+00
1.209235804475776277e+00
1.202332597058221264e+00
1.203971271597050752e+00
1.202203714392033218e+00
1.201168406799000055e+00
1.200939098475255484e+00
1.199573901826346267e+00
1.202764847785987801e+00
1.207208541920318678e+00
1.199038667793425050e+00
1.197097635189748654e+00
1.197633818759197055e+00
1.192294001174040829e+00
1.192198854362851890e+00
1.193150368717564414e+00
1.204455781117371949e+00
1.203277754702373414e+00
1.208047446327736862e+00
1.205396684867317658e+00
