0.000000000000000000e+00
6.775503455900571126e-01
6.775503455900571126e-01
6.775503455900571126e-01
6.775503455900571126e-01
6.775503455900571126e-01
1.097692518554309604e+00
1.097692518554309604e+00
1.351444406237479523e+00
1.351444406237479523e+00
1.351444406237479523e+00
1.351444406237479523e+00
1.351444406237479523e+00
1.351444406237479523e+00
1.351444406237479523e+00
1.351444406237479523e+00
1.351444406237479523e+00
1.351444406237479523e+00
1.351444406237479523e+00
1.351444406237479523e+00
1.623928008540605372e+00
1.385427806756061697e+00
1.597982608530977844e+00
1.597982608530977844e+00
1.597982608530977844e+00
1.694923918495998771e+00
1.694923918495998771e+00
1.771470039758356929e+00
1.771470039758356929e+00
1.825302200075139991e+00
1.825302200075139991e+00
1.825302200075139991e+00
1.825302200075139991e+00
1.879314972143516949e+00
1.879314972143516949e+00
1.879314972143516949e+00
1.879314972143516949e+00
1.926602771704017725e+00
1.926602771704017725e+00
2.009727261162209011e+00
2.009727261162209011e+00
2.009727261162209011e+00
3.043886569972287237e+00
3.048260020362285161e+00
3.048260020362285161e+00
3.048260020362285161e+00
3.083505434432564307e+00
3.083505434432564307e+00
3.083505434432564307e+00
3.083505434432564307e+00
3.079852052191364820e+00
3.079852052191364820e+00
3.079852052191364820e+00
3.079852052191364820e+00
3.093280859475648459e+00
3.104972186619482155e+00
3.112398555977908376e+00
3.112398555977908376e+00
3.112398555977908376e+00
3.114363940726106783e+00
3.107328829661977210e+00
3.107328829661977210e+00
3.107328829661977210e+00
3.107328829661977210e+00
3.107931991679929951e+00
3.101266879858295411e+00
3.101266879858295411e+00
3.098457368964586678e+00
3.096064694811908158e+00
3.096064694811908158e+00
3.089074817471680223e+00
3.089074817471680223e+00
3.082166607529424507e+00
3.082166607529424507e+00
3.082166607529424507e+00
3.082166607529424507e+00
3.082166607529424507e+00
3.082166607529424507e+00
3.082605290895298555e+00
3.085549438958626656e+00
3.082237032761240947e+00
3.079254969123821351e+00
3.079254969123821351e+00
3.079254969123821351e+00
3.079254969123821351e+00
3.079860726925133019e+00
3.079860726925133019e+00
3.079860726925133019e+00
3.079860726925133019e+00
3.080302678593160870e+00
3.080302678593160870e+00
3.080302678593160870e+00
3.080302678593160870e+00
3.080302678593160870e+00
3.080302678593160870e+00
3.080302678593160870e+00
3.083365857885778993e+00
3.083365857885778993e+00
3.083365857885778993e+00
3.085750354841582332e+00
3.085750354841582332e+00
3.090312162132591300e+00
3.090312162132591300e+00
3.090312162132591300e+00
3.090312162132591300e+00
3.095455621387498191e+00
3.095455621387498191e+00
3.095455621387498191e+00
3.095455621387498191e+00
3.095455621387498191e+00
3.099196917631686699e+00
3.099196917631686699e+00
3.099593018614054341e+00
3.097686576102017142e+00
3.097686576102017142e+00
3.097686576102017142e+00
3.096309831238253096e+00
3.094754509505289075e+00
3.094754509505289075e+00
3.090380768568846914e+00
3.090380768568846914e+00
3.090380768568846914e+00
3.090380768568846914e+00
3.090380768568846914e+00
3.090260436730285942e+00
3.090260436730285942e+00
3.090260436730285942e+00
3.090260436730285942e+00
3.086294580100455764e+00
3.086294580100455764e+00
3.086294580100455764e+00
3.088401734039034618e+00
3.089041772468033020e+00
3.089041772468033020e+00
3.089041772468033020e+00
3.088422724284273002e+00
3.088422724284273002e+00
3.086617347866858374e+00
3.086617347866858374e+00
3.086617347866858374e+00
3.086617347866858374e+00
3.086617347866858374e+00
3.088193335432975584e+00
3.088161303630412746e+00
3.088161303630412746e+00
3.088982418824056886e+00
3.089277090279189952e+00
3.089277090279189952e+00
3.089277090279189952e+00
3.089277090279189952e+00
3.089277090279189952e+00
3.089277090279189952e+00
3.089277090279189952e+00
3.089277090279189952e+00
3.089277090279189952e+00
3.089277090279189952e+00
3.089277090279189952e+00
3.089277090279189952e+00
3.089277090279189952e+00
3.089277090279189952e+00
2.956852119036172954e+00
2.956852119036172954e+00
2.956852119036172954e+00
2.965684590172910085e+00
2.965684590172910085e+00
2.965684590172910085e+00
2.965684590172910085e+00
2.974034333458511981e+00
2.974034333458511981e+00
2.974034333458511981e+00
2.981871035034767026e+00
2.990380181562513506e+00
3.007896205920427501e+00
3.007896205920427501e+00
3.007896205920427501e+00
3.007896205920427501e+00
3.007896205920427501e+00
3.007896205920427501e+00
3.007896205920427501e+00
3.007896205920427501e+00
3.013310620162693354e+00
3.013310620162693354e+00
3.013310620162693354e+00
3.019767268624211631e+00
3.019767268624211631e+00
2.972490158360079349e+00
2.972490158360079349e+00
2.979819327414406693e+00
2.979819327414406693e+00
2.993685647877680100e+00
2.993685647877680100e+00
2.993685647877680100e+00
2.993685647877680100e+00
2.993685647877680100e+00
3.003288042707652483e+00
3.008529765097541997e+00
3.008529765097541997e+00
3.019101757627961735e+00
3.019101757627961735e+00
2.939474803354920063e+00
2.939474803354920063e+00
2.946391507974757129e+00
2.946391507974757129e+00
2.946391507974757129e+00
2.953448499830297447e+00
2.953448499830297447e+00
2.953448499830297447e+00
2.953448499830297447e+00
2.953448499830297447e+00
2.953448499830297447e+00
2.953448499830297447e+00
2.960187902547389616e+00
2.960187902547389616e+00
2.960187902547389616e+00
2.960187902547389616e+00
2.976535442711621737e+00
2.976535442711621737e+00
2.976535442711621737e+00
2.981735658933003297e+00
2.981735658933003297e+00
2.981735658933003297e+00
2.981735658933003297e+00
2.981735658933003297e+00
2.981735658933003297e+00
2.981735658933003297e+00
2.981735658933003297e+00
2.988551292163980300e+00
2.994473964190877968e+00
3.000344868226140438e+00
3.000344868226140438e+00
3.000344868226140438e+00
3.000344868226140438e+00
3.000344868226140438e+00
3.000344868226140438e+00
3.000344868226140438e+00
3.004030189898501124e+00
3.007546786468818123e+00
3.014364820079977747e+00
3.014364820079977747e+00
3.018522195199163427e+00
3.018522195199163427e+00
3.018522195199163427e+00
3.023167551630330241e+00
3.023167551630330241e+00
3.026518875134348363e+00
3.026518875134348363e+00
3.026518875134348363e+00
3.026518875134348363e+00
3.030021098281820979e+00
3.030021098281820979e+00
3.030021098281820979e+00
3.030021098281820979e+00
3.030980154787390912e+00
3.030980154787390912e+00
3.034526592219325192e+00
3.034526592219325192e+00
3.038266214345423322e+00
3.038266214345423322e+00
3.038266214345423322e+00
3.007785360355835547e+00
3.013237150826280075e+00
3.015779628016375558e+00
3.015779628016375558e+00
3.015779628016375558e+00
3.015779628016375558e+00
3.015779628016375558e+00
3.020195431563243549e+00
3.020195431563243549e+00
3.024790471165194283e+00
3.026959977738154617e+00
3.026959977738154617e+00
3.033086601289059825e+00
3.033086601289059825e+00
3.037485233543239183e+00
3.037485233543239183e+00
3.037733478744967464e+00
3.037733478744967464e+00
3.037733478744967464e+00
3.044053526147532995e+00
3.044053526147532995e+00
3.044640358451055295e+00
3.044640358451055295e+00
3.048045767585264798e+00
3.048922388392827365e+00
3.048922388392827365e+00
3.048922388392827365e+00
3.048922388392827365e+00
3.048922388392827365e+00
3.050116047034036715e+00
3.051380949638452744e+00
3.051380949638452744e+00
3.051380949638452744e+00
3.051380949638452744e+00
3.051380949638452744e+00
3.054624922874731308e+00
3.057934389673680364e+00
3.057934389673680364e+00
3.058899454997145995e+00
3.065135695862366561e+00
3.065135695862366561e+00
3.065135695862366561e+00
3.065135695862366561e+00
3.066639733984213301e+00
3.066639733984213301e+00
3.066639733984213301e+00
3.008352658426058923e+00
3.008352658426058923e+00
3.008352658426058923e+00
3.012282266263924146e+00
3.012282266263924146e+00
3.012282266263924146e+00
3.012282266263924146e+00
3.012282266263924146e+00
3.012282266263924146e+00
3.012282266263924146e+00
3.012282266263924146e+00
3.012282266263924146e+00
3.016049977597331289e+00
2.992349084856869901e+00
2.992349084856869901e+00
2.992349084856869901e+00
2.992349084856869901e+00
2.992349084856869901e+00
2.996730009694235086e+00
2.996730009694235086e+00
2.996730009694235086e+00
2.996730009694235086e+00
2.996730009694235086e+00
2.996730009694235086e+00
2.996730009694235086e+00
2.996730009694235086e+00
2.996730009694235086e+00
2.996730009694235086e+00
2.996730009694235086e+00
2.996730009694235086e+00
3.001387658228698907e+00
3.001387658228698907e+00
3.001387658228698907e+00
3.001387658228698907e+00
2.948647994904336933e+00
2.948647994904336933e+00
2.954231354335257187e+00
2.954231354335257187e+00
2.959625695963411740e+00
2.959625695963411740e+00
2.959625695963411740e+00
2.959625695963411740e+00
2.959625695963411740e+00
2.964152092277950512e+00
2.968527239554437536e+00
2.974075233111614924e+00
2.979442210997750529e+00
2.979442210997750529e+00
2.979442210997750529e+00
2.979442210997750529e+00
2.979442210997750529e+00
2.979442210997750529e+00
2.979442210997750529e+00
2.979442210997750529e+00
2.979442210997750529e+00
2.987887112106596632e+00
2.992057630118504008e+00
2.992057630118504008e+00
2.992057630118504008e+00
2.992057630118504008e+00
2.992057630118504008e+00
2.992057630118504008e+00
2.992057630118504008e+00
2.992057630118504008e+00
2.992057630118504008e+00
2.992057630118504008e+00
2.992057630118504008e+00
2.992057630118504008e+00
2.996170697185778220e+00
3.000218456581669191e+00
3.000218456581669191e+00
3.000218456581669191e+00
3.000218456581669191e+00
3.000218456581669191e+00
3.000218456581669191e+00
3.000218456581669191e+00
2.972636105680371177e+00
2.972636105680371177e+00
2.972636105680371177e+00
2.972636105680371177e+00
2.976870016187405543e+00
2.976870016187405543e+00
2.976870016187405543e+00
2.981329842011328779e+00
2.985138387003054117e+00
2.985138387003054117e+00
2.985138387003054117e+00
2.989048723578858535e+00
2.992839626252920215e+00
2.996594137510963929e+00
2.996594137510963929e+00
3.000164387237131525e+00
3.000164387237131525e+00
3.000164387237131525e+00
3.003791721158918904e+00
3.003791721158918904e+00
3.006776075227769685e+00
3.006776075227769685e+00
3.006776075227769685e+00
3.012288102492329589e+00
3.012288102492329589e+00
3.012288102492329589e+00
3.012288102492329589e+00
3.012288102492329589e+00
3.015512100242546012e+00
3.015512100242546012e+00
3.015512100242546012e+00
3.015512100242546012e+00
3.018535579828010462e+00
3.021250583370792775e+00
2.995469280109096744e+00
2.999201855329555411e+00
3.002936204005693277e+00
3.006327302211037278e+00
3.006327302211037278e+00
3.006327302211037278e+00
3.006327302211037278e+00
3.010005770442037321e+00
3.010005770442037321e+00
3.013592779405535715e+00
3.013592779405535715e+00
3.013592779405535715e+00
3.013592779405535715e+00
3.013592779405535715e+00
3.013592779405535715e+00
3.013592779405535715e+00
3.013592779405535715e+00
3.017486258170140712e+00
3.020143915337770490e+00
3.020143915337770490e+00
2.968940871929924619e+00
2.968940871929924619e+00
2.968940871929924619e+00
2.973800491536073398e+00
2.978525412146410645e+00
2.987416571321340086e+00
2.987416571321340086e+00
2.991689755534145956e+00
3.003553683282242037e+00
3.003553683282242037e+00
3.003553683282242037e+00
3.007442893975182496e+00
3.007442893975182496e+00
3.007442893975182496e+00
3.011013633568497827e+00
3.011013633568497827e+00
3.011013633568497827e+00
3.014828668841241122e+00
3.014828668841241122e+00
3.014828668841241122e+00
3.014828668841241122e+00
3.017924295408858537e+00
3.021199523495331274e+00
3.021199523495331274e+00
3.024555379318410786e+00
3.027851705873052079e+00
3.027851705873052079e+00
3.027851705873052079e+00
3.031192664221890265e+00
3.031192664221890265e+00
3.031192664221890265e+00
3.031192664221890265e+00
3.031192664221890265e+00
3.031192664221890265e+00
3.031192664221890265e+00
3.031192664221890265e+00
3.031192664221890265e+00
3.031192664221890265e+00
3.033553056633679468e+00
3.033553056633679468e+00
3.033553056633679468e+00
3.033553056633679468e+00
3.035765515807752557e+00
3.035765515807752557e+00
3.035765515807752557e+00
3.035765515807752557e+00
3.035765515807752557e+00
3.040131549469595296e+00
3.040131549469595296e+00
3.041714312550325428e+00
3.041714312550325428e+00
3.041714312550325428e+00
3.041714312550325428e+00
3.041714312550325428e+00
3.041714312550325428e+00
3.041714312550325428e+00
3.041714312550325428e+00
3.043972641992975348e+00
3.045203032830857026e+00
3.023562779819033874e+00
3.023562779819033874e+00
3.025547693591637444e+00
3.028071736001647807e+00
3.028071736001647807e+00
3.030165540961030413e+00
3.030165540961030413e+00
3.032048663723574844e+00
3.033893024993301601e+00
3.033893024993301601e+00
3.036114849929028026e+00
3.038198882174551141e+00
3.038198882174551141e+00
3.038198882174551141e+00
3.038198882174551141e+00
3.039767765532130017e+00
3.039767765532130017e+00
3.039767765532130017e+00
3.039767765532130017e+00
3.041470562794874599e+00
3.041470562794874599e+00
3.042879513329940888e+00
3.046185761986416995e+00
3.046185761986416995e+00
3.048492800559894800e+00
3.050437571413461058e+00
3.050437571413461058e+00
3.051512101380805753e+00
3.051512101380805753e+00
3.051512101380805753e+00
3.051512101380805753e+00
3.013660240105512589e+00
3.013660240105512589e+00
3.016395512588834649e+00
3.016395512588834649e+00
3.016395512588834649e+00
3.016395512588834649e+00
3.018378065854718795e+00
3.018378065854718795e+00
3.022420252284929720e+00
3.024162859858265051e+00
3.025924176434002355e+00
3.027970415536940241e+00
3.027970415536940241e+00
3.029484386577221411e+00
3.029484386577221411e+00
3.029484386577221411e+00
3.029484386577221411e+00
3.029484386577221411e+00
3.029484386577221411e+00
3.029484386577221411e+00
3.029484386577221411e+00
3.031127240103568266e+00
3.031127240103568266e+00
3.031127240103568266e+00
3.031127240103568266e+00
3.031127240103568266e+00
3.036512284193911171e+00
3.036512284193911171e+00
3.036512284193911171e+00
3.037986069298318714e+00
3.037986069298318714e+00
3.037986069298318714e+00
3.037986069298318714e+00
3.039571993488409785e+00
3.041150076094575549e+00
3.042545154931149742e+00
3.024351428887006143e+00
3.024351428887006143e+00
3.026575727702860430e+00
3.026575727702860430e+00
3.026575727702860430e+00
3.030669906399696245e+00
3.032653651667066352e+00
3.034116775229272367e+00
3.035590027549983638e+00
3.035590027549983638e+00
3.035590027549983638e+00
3.035590027549983638e+00
3.036892337580998635e+00
3.040857290514593636e+00
3.040857290514593636e+00
3.040857290514593636e+00
3.042182096843080163e+00
3.042182096843080163e+00
3.042182096843080163e+00
3.042182096843080163e+00
3.042182096843080163e+00
3.042182096843080163e+00
3.042182096843080163e+00
3.042182096843080163e+00
3.045245950124436884e+00
3.048936625882003870e+00
3.050813182200311058e+00
3.050813182200311058e+00
3.050813182200311058e+00
3.050813182200311058e+00
3.050813182200311058e+00
3.052791781371698487e+00
3.052791781371698487e+00
3.052791781371698487e+00
3.052791781371698487e+00
3.052791781371698487e+00
3.053373666404076925e+00
3.055607107882004847e+00
3.056075934977105835e+00
3.056075934977105835e+00
3.056659480052831501e+00
3.056659480052831501e+00
3.058411240776750084e+00
3.058411240776750084e+00
3.058411240776750084e+00
3.059264419459268858e+00
3.059264419459268858e+00
3.059264419459268858e+00
3.011885182417967766e+00
3.011885182417967766e+00
3.013699892508121536e+00
3.013699892508121536e+00
3.015447980164327468e+00
3.015447980164327468e+00
3.015447980164327468e+00
3.017990019118133915e+00
3.022145462725825737e+00
3.022145462725825737e+00
3.022145462725825737e+00
3.022145462725825737e+00
3.023517704512395987e+00
3.023517704512395987e+00
3.023517704512395987e+00
3.023517704512395987e+00
3.023517704512395987e+00
3.023517704512395987e+00
3.028799301874324446e+00
3.029770177819160804e+00
3.030693501738492834e+00
3.030693501738492834e+00
3.011920184378608756e+00
3.014350030675943426e+00
3.014350030675943426e+00
3.014350030675943426e+00
3.014350030675943426e+00
3.014350030675943426e+00
3.016676678677636225e+00
3.016676678677636225e+00
3.018234260025408400e+00
3.018234260025408400e+00
3.018234260025408400e+00
3.019371553522632201e+00
3.019371553522632201e+00
3.019371553522632201e+00
3.019371553522632201e+00
3.021392390699825903e+00
3.021392390699825903e+00
3.002946006371956411e+00
3.002946006371956411e+00
3.004885118759610840e+00
3.004885118759610840e+00
3.004885118759610840e+00
3.007346536658351610e+00
3.009773706531603921e+00
3.012136382506718224e+00
3.013807715269788190e+00
3.013807715269788190e+00
3.013807715269788190e+00
3.013807715269788190e+00
3.013807715269788190e+00
3.013807715269788190e+00
3.013807715269788190e+00
3.013807715269788190e+00
3.013807715269788190e+00
3.013807715269788190e+00
3.013807715269788190e+00
3.013807715269788190e+00
3.013807715269788190e+00
3.013807715269788190e+00
3.015700279753309232e+00
3.017514694582119184e+00
3.019262957274377879e+00
3.019262957274377879e+00
3.019262957274377879e+00
3.019262957274377879e+00
3.019262957274377879e+00
3.023104713026108836e+00
3.024814724292533619e+00
3.026705628234439338e+00
3.026705628234439338e+00
3.026705628234439338e+00
3.028479162777085953e+00
3.031871695422795110e+00
3.031871695422795110e+00
3.033406709422841629e+00
3.033406709422841629e+00
3.033406709422841629e+00
3.033406709422841629e+00
3.033406709422841629e+00
3.033406709422841629e+00
3.034934913328271477e+00
3.034934913328271477e+00
3.036466146541850097e+00
3.036466146541850097e+00
3.036466146541850097e+00
3.039172471927372055e+00
3.040401500235011767e+00
3.040401500235011767e+00
3.041680392933407973e+00
3.041680392933407973e+00
3.041680392933407973e+00
3.044109539479721516e+00
3.044946282200599708e+00
3.044946282200599708e+00
3.044946282200599708e+00
3.045927090738238974e+00
3.045927090738238974e+00
3.045927090738238974e+00
3.047221872674306109e+00
3.047221872674306109e+00
3.048404004814122104e+00
3.048404004814122104e+00
3.048404004814122104e+00
3.048404004814122104e+00
3.048404004814122104e+00
3.048404004814122104e+00
3.049617620785655792e+00
3.049617620785655792e+00
3.049617620785655792e+00
3.049617620785655792e+00
3.050762241267504393e+00
3.050762241267504393e+00
3.054175101719311947e+00
3.055222364072972319e+00
3.055222364072972319e+00
3.055222364072972319e+00
3.056146254170215126e+00
3.057050488034405156e+00
3.057050488034405156e+00
3.057050488034405156e+00
3.057050488034405156e+00
3.058117267106986947e+00
3.058117267106986947e+00
3.058117267106986947e+00
3.058117267106986947e+00
3.058117267106986947e+00
3.058812584355575126e+00
3.059642373434846796e+00
3.059642373434846796e+00
3.060593132132235716e+00
3.060593132132235716e+00
3.060593132132235716e+00
3.062108729952718544e+00
3.064465773816346772e+00
3.064465773816346772e+00
3.064737293613245761e+00
3.064737293613245761e+00
3.064737293613245761e+00
3.064737293613245761e+00
3.065131285158720686e+00
3.065131285158720686e+00
3.065536238464455554e+00
3.066230920142008376e+00
3.066230920142008376e+00
3.066230920142008376e+00
3.066230920142008376e+00
3.066230920142008376e+00
3.066230920142008376e+00
3.066808217574094275e+00
3.067438936784533166e+00
3.068034919762908430e+00
3.068685637575348402e+00
3.068685637575348402e+00
3.068685637575348402e+00
3.068685637575348402e+00
3.068685637575348402e+00
3.068685637575348402e+00
3.069081946606142974e+00
3.069081946606142974e+00
3.069553731693734022e+00
3.069553731693734022e+00
3.069553731693734022e+00
3.069553731693734022e+00
3.041594074666908565e+00
3.041594074666908565e+00
3.041594074666908565e+00
3.041594074666908565e+00
3.013422689238181906e+00
3.014841293249626464e+00
3.014841293249626464e+00
3.016302770178838077e+00
3.016302770178838077e+00
3.016302770178838077e+00
3.017949772777224648e+00
3.019493995909285022e+00
3.019493995909285022e+00
3.019493995909285022e+00
3.019493995909285022e+00
3.019493995909285022e+00
3.021068194409618712e+00
3.021068194409618712e+00
3.021068194409618712e+00
3.021068194409618712e+00
3.021068194409618712e+00
3.022820505622833664e+00
3.022820505622833664e+00
3.022820505622833664e+00
3.022820505622833664e+00
3.022820505622833664e+00
3.022820505622833664e+00
3.008090853480906102e+00
3.008090853480906102e+00
3.008090853480906102e+00
3.008090853480906102e+00
3.008090853480906102e+00
3.008090853480906102e+00
3.008090853480906102e+00
3.008090853480906102e+00
3.011901149981782932e+00
3.015628402990694124e+00
3.017377977143217205e+00
3.019019702402083283e+00
2.990227906470608765e+00
2.992240597149370629e+00
2.996543367712787287e+00
2.996543367712787287e+00
2.998505612028454337e+00
2.998505612028454337e+00
2.998505612028454337e+00
3.000686795418698871e+00
3.002794856479368946e+00
3.004850128647537311e+00
2.978378539165278394e+00
2.980876619885777679e+00
2.983337695540519530e+00
2.983337695540519530e+00
2.983337695540519530e+00
2.983337695540519530e+00
2.983337695540519530e+00
2.985581520835190350e+00
2.985581520835190350e+00
2.985581520835190350e+00
2.987194258745640596e+00
2.987194258745640596e+00
2.988840316269489872e+00
2.988840316269489872e+00
2.988840316269489872e+00
2.988840316269489872e+00
2.990529237579174549e+00
2.990529237579174549e+00
2.990529237579174549e+00
2.992740085081280643e+00
2.992740085081280643e+00
2.992740085081280643e+00
2.994560120388183755e+00
2.996097189272346917e+00
2.997961098535216085e+00
2.999874656019498875e+00
3.001262462121704555e+00
3.001262462121704555e+00
3.001262462121704555e+00
3.002574987722419930e+00
3.004383523248009613e+00
3.004383523248009613e+00
3.004383523248009613e+00
3.004383523248009613e+00
3.004383523248009613e+00
3.004383523248009613e+00
3.004383523248009613e+00
3.004383523248009613e+00
3.004383523248009613e+00
3.004383523248009613e+00
3.004383523248009613e+00
3.006955062915572352e+00
3.008853006611448500e+00
3.008853006611448500e+00
3.010055381663750751e+00
3.010055381663750751e+00
3.010055381663750751e+00
3.010055381663750751e+00
3.010055381663750751e+00
3.011844552723249357e+00
3.013139744579247381e+00
3.014694427333355353e+00
2.987395354297619487e+00
2.987395354297619487e+00
2.987395354297619487e+00
2.989491790788341152e+00
2.991507970479440726e+00
2.991507970479440726e+00
2.995269532262477608e+00
2.995269532262477608e+00
2.996800370608574848e+00
2.996800370608574848e+00
2.996800370608574848e+00
2.996800370608574848e+00
2.996800370608574848e+00
2.996800370608574848e+00
2.998514558203720259e+00
2.998514558203720259e+00
3.000215911076706377e+00
3.000215911076706377e+00
3.001860415670930315e+00
3.003389170931071828e+00
3.003389170931071828e+00
3.003389170931071828e+00
3.003389170931071828e+00
3.003389170931071828e+00
3.004727514857526316e+00
3.004727514857526316e+00
3.004727514857526316e+00
3.004727514857526316e+00
3.004727514857526316e+00
3.004727514857526316e+00
3.006042031065830233e+00
3.006042031065830233e+00
3.006042031065830233e+00
3.006042031065830233e+00
3.007539214381306003e+00
3.007539214381306003e+00
3.007539214381306003e+00
3.009019440759936881e+00
3.010379824820131667e+00
3.011742476691517734e+00
3.011742476691517734e+00
2.998317518397807024e+00
2.998317518397807024e+00
2.998317518397807024e+00
2.998317518397807024e+00
2.998317518397807024e+00
2.999850738593683896e+00
2.999850738593683896e+00
3.001395100741129252e+00
3.001395100741129252e+00
3.004457361741804000e+00
3.004457361741804000e+00
3.004457361741804000e+00
3.004457361741804000e+00
3.004457361741804000e+00
3.004457361741804000e+00
3.004457361741804000e+00
3.004457361741804000e+00
3.008967109608269741e+00
3.008967109608269741e+00
3.008967109608269741e+00
3.008967109608269741e+00
3.008967109608269741e+00
3.008967109608269741e+00
3.008967109608269741e+00
3.008967109608269741e+00
3.008967109608269741e+00
3.010431886194299800e+00
3.010431886194299800e+00
3.011901307655315829e+00
3.011901307655315829e+00
3.011901307655315829e+00
3.011901307655315829e+00
3.011901307655315829e+00
3.011901307655315829e+00
3.011901307655315829e+00
3.013377360724432297e+00
3.013377360724432297e+00
3.013377360724432297e+00
3.014723229001191385e+00
2.986090726965030751e+00
2.988121171930730124e+00
2.991913914558494536e+00
2.991913914558494536e+00
2.991913914558494536e+00
2.993807452849043926e+00
2.995682742499609752e+00
2.995682742499609752e+00
2.995682742499609752e+00
2.995682742499609752e+00
2.995682742499609752e+00
2.999034959880848561e+00
2.999034959880848561e+00
3.002392668701836076e+00
3.002392668701836076e+00
3.004070555275291987e+00
3.005741455715146060e+00
3.005741455715146060e+00
3.007422841610692732e+00
3.007422841610692732e+00
3.007422841610692732e+00
3.009144512438644004e+00
3.009144512438644004e+00
3.011864782471767921e+00
3.013355994103706692e+00
3.013355994103706692e+00
3.013355994103706692e+00
3.013355994103706692e+00
3.014822460081421074e+00
3.014822460081421074e+00
3.016174915098510212e+00
3.016174915098510212e+00
3.016174915098510212e+00
3.016174915098510212e+00
3.016174915098510212e+00
3.016174915098510212e+00
2.992301730906976154e+00
2.992301730906976154e+00
2.992301730906976154e+00
2.992301730906976154e+00
2.995573635319062511e+00
2.995573635319062511e+00
2.995573635319062511e+00
2.995573635319062511e+00
2.995573635319062511e+00
